2024/10/07 00:44:57, {"filename":"./public/txt/www.qingyunian.net-5400.txt","nextlink":"/56.html","errcode":0}
2024/10/07 00:47:39, {"filename":"./public/txt/www.qingyunian.net-5600.txt","nextlink":"/57.html","errcode":0}
2024/10/07 00:48:02, {"filename":"www.qingyunian.net/5700, 1 record(s)","nextlink":"/58.html","errcode":0}
2024/10/07 00:48:36, {"filename":"www.qingyunian.net/5800, 1 record(s)","nextlink":"/59.html","errcode":0}
2024/10/07 00:48:39, {"filename":"www.qingyunian.net/5900, 1 record(s)","nextlink":"/60.html","errcode":0}
2024/10/07 00:48:45, {"filename":"www.qingyunian.net/6000, 1 record(s)","nextlink":"/61.html","errcode":0}
2024/10/07 00:48:47, {"filename":"www.qingyunian.net/6100, 1 record(s)","nextlink":"/62.html","errcode":0}
2024/10/07 00:48:48, {"filename":"www.qingyunian.net/6200, 1 record(s)","nextlink":"/63.html","errcode":0}
2024/10/07 00:48:49, {"filename":"www.qingyunian.net/6300, 1 record(s)","nextlink":"/64.html","errcode":0}
2024/10/07 00:48:50, {"filename":"www.qingyunian.net/6400, 1 record(s)","nextlink":"/65.html","errcode":0}
2024/10/07 00:58:18, {"filename":"book_10611/61892907100, 1 record(s)","nextlink":"/book_10611/618929071_2.html","errcode":0}
2024/10/07 00:59:16, {"filename":"book_10611/61892907120, 1 record(s)","nextlink":"/book_10611/618929071_3.html","errcode":0}
2024/10/07 00:59:16, {"filename":"book_10611/61892907129, 1 record(s)","errcode":0}
2024/10/07 00:59:16, {"errcode":-1,"errmessage":"html page parse failed. maybe at the end as well."}
2024/10/07 00:59:34, {"filename":"book_10611/61892907129, 1 record(s)","errcode":0}
2024/10/07 00:59:44, {"filename":"book_10611/61892907129, 1 record(s)","errcode":0}
2024/10/07 01:07:08, {"filename":"book_10611/61892907129, 1 record(s)","errcode":0}
2024/10/07 01:10:26, {"filename":"book_10611/61892907129, 1 record(s)","errcode":0}
2024/10/07 01:11:49, {"filename":"book_10611/61892907129, 1 record(s)","errcode":0}
2024/10/07 01:12:13, {"filename":"book_10611/61892907129, 1 record(s)","errcode":0}
2024/10/07 01:16:18, {"filename":"book_10611/61892907129, 1 record(s)","errcode":0}
2024/10/07 01:16:50, {"filename":"book_10611/61892907129, 1 record(s)","errcode":0}
2024/10/07 01:29:46, {"filename":"book_10611/61892907129, 1 record(s)","errcode":0}
2024/10/07 01:30:48, {"filename":"book_10611/61892907129, 1 record(s)","errcode":0}
2024/10/07 01:31:42, {"filename":"book_10611/61892907129, 1 record(s)","errcode":0}
2024/10/07 01:32:09, {"filename":"book_10611/61892907129, 1 record(s)","errcode":0}
2024/10/07 01:34:17, {"filename":"book_10611/61892907129, 1 record(s)","errcode":0}
2024/10/07 01:35:29, {"filename":"book_10611/61892907129, 1 record(s)","errcode":0}
2024/10/07 01:36:19, {"filename":"book_10611/61892907129, 1 record(s)","errcode":0}
2024/10/07 01:38:22, {"filename":"book_10611/61892907129, 1 record(s)","errcode":0}
2024/10/07 01:40:08, {"filename":"book_10611/61892907129, 1 record(s)","nextlink":"/book_10611/618874648.html","errcode":0}
2024/10/07 01:40:18, {"filename":"book_10611/61887464800, 1 record(s)","nextlink":"/book_10611/618874648_2.html","errcode":0}
2024/10/07 01:40:18, {"filename":"book_10611/61887464820, 1 record(s)","nextlink":"/book_10611/618874648_3.html","errcode":0}
2024/10/07 01:40:18, {"filename":"book_10611/61887464829, 1 record(s)","nextlink":"/book_10611/618843174.html","errcode":0}
2024/10/07 01:40:19, {"filename":"book_10611/61884317400, 1 record(s)","nextlink":"/book_10611/618843174_2.html","errcode":0}
2024/10/07 01:40:19, {"filename":"book_10611/61884317420, 1 record(s)","nextlink":"/book_10611/618843174_3.html","errcode":0}
2024/10/07 01:40:35, {"filename":"book_10611/61884317429, 1 record(s)","nextlink":"/book_10611/618790987.html","errcode":0}
2024/10/07 01:40:36, {"filename":"book_10611/61879098700, 1 record(s)","nextlink":"/book_10611/618790987_2.html","errcode":0}
2024/10/07 01:40:36, {"filename":"book_10611/61879098720, 1 record(s)","nextlink":"/book_10611/618790987_3.html","errcode":0}
2024/10/07 01:40:36, {"filename":"book_10611/61879098729, 1 record(s)","nextlink":"/book_10611/618703785.html","errcode":0}
2024/10/07 01:40:37, {"filename":"book_10611/61870378500, 1 record(s)","nextlink":"/book_10611/618703785_2.html","errcode":0}
2024/10/07 01:40:37, {"filename":"book_10611/61870378520, 1 record(s)","nextlink":"/book_10611/618703785_3.html","errcode":0}
2024/10/07 01:40:38, {"filename":"book_10611/61870378529, 1 record(s)","nextlink":"/book_10611/618676845.html","errcode":0}
2024/10/07 01:40:38, {"filename":"book_10611/61867684500, 1 record(s)","nextlink":"/book_10611/618676845_2.html","errcode":0}
2024/10/07 01:40:38, {"filename":"book_10611/61867684520, 1 record(s)","nextlink":"/book_10611/618676845_3.html","errcode":0}
2024/10/07 01:40:39, {"filename":"book_10611/61867684529, 1 record(s)","nextlink":"/book_10611/618655176.html","errcode":0}
2024/10/07 01:42:37, {"filename":"book_10611/61865517600, 1 record(s)","nextlink":"/book_10611/618655176_2.html","errcode":0}
2024/10/07 01:42:37, {"filename":"book_10611/61865517620, 1 record(s)","nextlink":"/book_10611/618655176_3.html","errcode":0}
2024/10/07 01:42:38, {"filename":"book_10611/61865517629, 1 record(s)","nextlink":"/book_10611/618620597.html","errcode":0}
2024/10/07 01:42:38, {"filename":"book_10611/61862059700, 1 record(s)","nextlink":"/book_10611/618620597_2.html","errcode":0}
2024/10/07 01:42:38, {"filename":"book_10611/61862059720, 1 record(s)","nextlink":"/book_10611/618620597_3.html","errcode":0}
2024/10/07 01:42:39, {"filename":"book_10611/61862059729, 1 record(s)","nextlink":"/book_10611/618582768.html","errcode":0}
2024/10/07 01:42:39, {"filename":"book_10611/61858276800, 1 record(s)","nextlink":"/book_10611/618582768_2.html","errcode":0}
2024/10/07 01:42:40, {"filename":"book_10611/61858276820, 1 record(s)","nextlink":"/book_10611/618582768_3.html","errcode":0}
2024/10/07 01:42:40, {"filename":"book_10611/61858276829, 1 record(s)","nextlink":"/book_10611/618550683.html","errcode":0}
2024/10/07 01:42:40, {"filename":"book_10611/61855068300, 1 record(s)","nextlink":"/book_10611/618550683_2.html","errcode":0}
2024/10/07 01:57:06, {"errcode":-1,"errmessage":"html page parse failed. maybe at the end as well."}
