2024/10/09 03:05:00, {"filename":"Book ID: www.qingyunian.net, Page ID: 529.html, Count: 1 record(s)","nextlink":"/530.html","errcode":0}
2024/10/09 03:05:01, {"filename":"Book ID: www.qingyunian.net, Page ID: 530.html, Count: 1 record(s)","nextlink":"/531.html","errcode":0}
2024/10/09 03:05:02, {"filename":"Book ID: www.qingyunian.net, Page ID: 531.html, Count: 1 record(s)","nextlink":"/532.html","errcode":0}
2024/10/09 03:05:03, {"filename":"Book ID: www.qingyunian.net, Page ID: 532.html, Count: 1 record(s)","nextlink":"/533.html","errcode":0}
2024/10/09 03:05:03, {"filename":"Book ID: www.qingyunian.net, Page ID: 533.html, Count: 1 record(s)","nextlink":"/534.html","errcode":0}
2024/10/09 03:06:03, {"filename":"Book ID: www.qingyunian.net, Page ID: 534.html, Count: 1 record(s)","nextlink":"/535.html","errcode":0}
2024/10/09 03:06:07, {"filename":"Book ID: www.qingyunian.net, Page ID: 535.html, Count: 1 record(s)","nextlink":"/536.html","errcode":0}
2024/10/09 03:06:08, {"filename":"Book ID: www.qingyunian.net, Page ID: 536.html, Count: 1 record(s)","nextlink":"/537.html","errcode":0}
2024/10/09 03:06:09, {"filename":"Book ID: www.qingyunian.net, Page ID: 537.html, Count: 1 record(s)","nextlink":"/538.html","errcode":0}
2024/10/09 03:06:10, {"filename":"Book ID: www.qingyunian.net, Page ID: 538.html, Count: 1 record(s)","nextlink":"/539.html","errcode":0}
2024/10/09 03:06:11, {"filename":"Book ID: www.qingyunian.net, Page ID: 539.html, Count: 1 record(s)","nextlink":"/540.html","errcode":0}
2024/10/09 03:06:12, {"filename":"Book ID: www.qingyunian.net, Page ID: 540.html, Count: 1 record(s)","nextlink":"/541.html","errcode":0}
2024/10/09 03:06:12, {"filename":"Book ID: www.qingyunian.net, Page ID: 541.html, Count: 1 record(s)","nextlink":"/542.html","errcode":0}
2024/10/09 03:06:13, {"filename":"Book ID: www.qingyunian.net, Page ID: 542.html, Count: 1 record(s)","nextlink":"/543.html","errcode":0}
2024/10/09 03:06:14, {"filename":"Book ID: www.qingyunian.net, Page ID: 543.html, Count: 1 record(s)","nextlink":"/544.html","errcode":0}
2024/10/09 03:06:15, {"filename":"Book ID: www.qingyunian.net, Page ID: 544.html, Count: 1 record(s)","nextlink":"/545.html","errcode":0}
2024/10/09 03:36:49, {"errcode":-1,"errmessage":"html page parse failed. maybe at the end as well."}
2024/10/09 03:39:15, {"errcode":-1,"errmessage":"html page parse failed. maybe at the end as well."}
2024/10/09 03:40:07, {"errcode":-1,"errmessage":"html page parse failed. maybe at the end as well."}
2024/10/09 03:41:17, {"errcode":-1,"errmessage":"html page parse failed. maybe at the end as well."}
2024/10/09 03:45:04, {"filename":"./public/txt/www.ghost580.com%2Fread%2F64258%2F17990253.html.txt","nextlink":"/read/64258/17990253_2.html","errcode":0}
2024/10/09 03:50:39, {"filename":"./public/txt/www.ghost580.com%2Fread%2F64258%2F17990253.html.txt","nextlink":"/read/64258/17990253_2.html","errcode":0}
2024/10/09 03:57:53, {"filename":"./public/txt/www.ghost580.com%2Fread%2F64258%2F17990253.html.txt","nextlink":"/read/64258/17990253_2.html","errcode":0}
2024/10/09 03:59:24, {"filename":"./public/txt/www.ghost580.com%2Fread%2F64258%2F17990253.html.txt","nextlink":"/read/64258/17990253_2.html","errcode":0}
2024/10/09 04:00:01, {"filename":"./public/txt/www.ghost580.com%2Fread%2F64258%2F17990253_2.html.txt","nextlink":"/read/64258/17990253_3.html","errcode":0}
2024/10/09 04:00:02, {"filename":"./public/txt/www.ghost580.com%2Fread%2F64258%2F17990253_3.html.txt","nextlink":"https://www.ghost580.com/read/64258/17990254.html","errcode":0}
2024/10/09 04:00:02, {"errcode":-1,"errmessage":"html page parse failed. maybe at the end as well."}
2024/10/09 04:18:49, {"filename":"./public/txt/www.ghost580.com%2Fread%2F64258%2F17990253_3.html.txt","nextlink":"https://www.ghost580.com/read/64258/17990254.html","errcode":0}
2024/10/09 04:18:49, {"errcode":-1,"errmessage":"html page parse failed. maybe at the end as well."}
2024/10/09 04:19:04, {"filename":"Book ID: www.ghost580.com/read/64258/, Page ID: 17990253_3.html, Count: 1 record(s)","nextlink":"https://www.ghost580.com/read/64258/17990254.html","errcode":0}
2024/10/09 04:19:07, {"filename":"Book ID: www.ghost580.com/read/64258/, Page ID: 17990254.html, Count: 1 record(s)","nextlink":"/read/64258/17990254_2.html","errcode":0}
2024/10/09 04:19:19, {"filename":"Book ID: www.ghost580.com/read/64258/, Page ID: 17990254_2.html, Count: 1 record(s)","nextlink":"/read/64258/17990254_3.html","errcode":0}
2024/10/09 04:19:20, {"filename":"Book ID: www.ghost580.com/read/64258/, Page ID: 17990254_3.html, Count: 1 record(s)","nextlink":"https://www.ghost580.com/read/64258/17990255.html","errcode":0}
2024/10/09 04:19:20, {"errcode":-1,"errmessage":"html page parse failed. maybe at the end as well."}
2024/10/09 04:20:55, {"filename":"Book ID: www.ghost580.com/read/64258/, Page ID: 17990253.html, Count: 1 record(s)","nextlink":"/read/64258/17990253_2.html","errcode":0}
2024/10/09 04:21:11, {"filename":"./public/txt/www.ghost580.com%2Fread%2F64258%2F17990253_2.html.txt","nextlink":"/read/64258/17990253_3.html","errcode":0}
2024/10/09 04:21:16, {"filename":"./public/txt/www.ghost580.com%2Fread%2F64258%2F17990253_3.html.txt","nextlink":"https://www.ghost580.com/read/64258/17990254.html","errcode":0}
2024/10/09 04:21:16, {"errcode":-1,"errmessage":"html page parse failed. maybe at the end as well."}
2024/10/09 04:31:23, {"filename":"./public/txt/www.ghost580.com%2Fread%2F64258%2F17990253.html.txt","nextlink":"/read/64258/17990253_2.html","errcode":0}
2024/10/09 04:31:24, {"filename":"./public/txt/www.ghost580.com%2Fread%2F64258%2F17990253_2.html.txt","nextlink":"/read/64258/17990253_3.html","errcode":0}
2024/10/09 04:31:24, {"filename":"./public/txt/www.ghost580.com%2Fread%2F64258%2F17990253_3.html.txt","nextlink":"https://www.ghost580.com/read/64258/17990254.html","errcode":0}
2024/10/09 04:31:24, {"errcode":-1,"errmessage":"html page parse failed. maybe at the end as well."}
2024/10/09 04:32:13, {"filename":"Book ID: www.ghost580.com/read/64258/, Page ID: 17990253.html, Count: 1 record(s)","nextlink":"/read/64258/17990253_2.html","errcode":0}
2024/10/09 04:32:23, {"filename":"./public/txt/www.ghost580.com%2Fread%2F64258%2F17990253_2.html.txt","nextlink":"/read/64258/17990253_3.html","errcode":0}
2024/10/09 04:32:24, {"filename":"./public/txt/www.ghost580.com%2Fread%2F64258%2F17990253_3.html.txt","nextlink":"https://www.ghost580.com/read/64258/17990254.html","errcode":0}
2024/10/09 04:32:24, {"filename":"./public/txt/www.ghost580.com%2Fread%2F64258%2F17990254.html.txt","nextlink":"/read/64258/17990254_2.html","errcode":0}
2024/10/09 04:32:24, {"filename":"./public/txt/www.ghost580.com%2Fread%2F64258%2F17990254_2.html.txt","nextlink":"/read/64258/17990254_3.html","errcode":0}
2024/10/09 04:32:25, {"filename":"./public/txt/www.ghost580.com%2Fread%2F64258%2F17990254_3.html.txt","nextlink":"https://www.ghost580.com/read/64258/17990255.html","errcode":0}
2024/10/09 04:32:29, {"filename":"./public/txt/www.ghost580.com%2Fread%2F64258%2F17990255.html.txt","nextlink":"/read/64258/17990255_2.html","errcode":0}
2024/10/09 04:32:29, {"filename":"./public/txt/www.ghost580.com%2Fread%2F64258%2F17990255_2.html.txt","nextlink":"https://www.ghost580.com/read/64258/17990256.html","errcode":0}
2024/10/09 04:32:30, {"filename":"./public/txt/www.ghost580.com%2Fread%2F64258%2F17990256.html.txt","nextlink":"/read/64258/17990256_2.html","errcode":0}
2024/10/09 04:32:30, {"filename":"./public/txt/www.ghost580.com%2Fread%2F64258%2F17990256_2.html.txt","nextlink":"https://www.ghost580.com/read/64258/17990257.html","errcode":0}
2024/10/09 04:32:31, {"filename":"./public/txt/www.ghost580.com%2Fread%2F64258%2F17990257.html.txt","nextlink":"/read/64258/17990257_2.html","errcode":0}
2024/10/09 04:36:31, {"filename":"Book ID: www.ghost580.com/read/64301/, Page ID: 17999105.html, Count: 1 record(s)","nextlink":"/read/64301/17999105_2.html","errcode":0}
2024/10/09 04:36:54, {"filename":"Book ID: www.ghost580.com/read/64301/, Page ID: 17999105_2.html, Count: 1 record(s)","nextlink":"/read/64301/17999105_3.html","errcode":0}
2024/10/09 04:36:54, {"filename":"Book ID: www.ghost580.com/read/64301/, Page ID: 17999105_3.html, Count: 1 record(s)","nextlink":"https://www.ghost580.com/read/64301/17999106.html","errcode":0}
2024/10/09 04:36:55, {"filename":"Book ID: www.ghost580.com/read/64301/, Page ID: 17999106.html, Count: 1 record(s)","nextlink":"/read/64301/17999106_2.html","errcode":0}
2024/10/09 04:36:55, {"filename":"Book ID: www.ghost580.com/read/64301/, Page ID: 17999106_2.html, Count: 1 record(s)","nextlink":"https://www.ghost580.com/read/64301/17999107.html","errcode":0}
2024/10/09 04:36:56, {"filename":"Book ID: www.ghost580.com/read/64301/, Page ID: 17999107.html, Count: 1 record(s)","nextlink":"/read/64301/17999107_2.html","errcode":0}
2024/10/09 04:36:56, {"filename":"Book ID: www.ghost580.com/read/64301/, Page ID: 17999107_2.html, Count: 1 record(s)","nextlink":"https://www.ghost580.com/read/64301/17999108.html","errcode":0}
2024/10/09 04:36:57, {"filename":"Book ID: www.ghost580.com/read/64301/, Page ID: 17999108.html, Count: 1 record(s)","nextlink":"/read/64301/17999108_2.html","errcode":0}
2024/10/09 04:36:57, {"filename":"Book ID: www.ghost580.com/read/64301/, Page ID: 17999108_2.html, Count: 1 record(s)","nextlink":"https://www.ghost580.com/read/64301/17999109.html","errcode":0}
2024/10/09 04:36:58, {"filename":"Book ID: www.ghost580.com/read/64301/, Page ID: 17999109.html, Count: 1 record(s)","nextlink":"/read/64301/17999109_2.html","errcode":0}
2024/10/09 04:36:58, {"filename":"Book ID: www.ghost580.com/read/64301/, Page ID: 17999109_2.html, Count: 1 record(s)","nextlink":"https://www.ghost580.com/read/64301/17999110.html","errcode":0}
2024/10/09 04:36:58, {"filename":"Book ID: www.ghost580.com/read/64301/, Page ID: 17999110.html, Count: 1 record(s)","nextlink":"/read/64301/17999110_2.html","errcode":0}
2024/10/09 04:36:59, {"filename":"Book ID: www.ghost580.com/read/64301/, Page ID: 17999110_2.html, Count: 1 record(s)","nextlink":"https://www.ghost580.com/read/64301/17999111.html","errcode":0}
2024/10/09 04:36:59, {"filename":"Book ID: www.ghost580.com/read/64301/, Page ID: 17999111.html, Count: 1 record(s)","nextlink":"/read/64301/17999111_2.html","errcode":0}
2024/10/09 04:37:00, {"filename":"Book ID: www.ghost580.com/read/64301/, Page ID: 17999111_2.html, Count: 1 record(s)","nextlink":"https://www.ghost580.com/read/64301/17999112.html","errcode":0}
2024/10/09 04:37:00, {"filename":"Book ID: www.ghost580.com/read/64301/, Page ID: 17999112.html, Count: 1 record(s)","nextlink":"/read/64301/17999112_2.html","errcode":0}
2024/10/09 04:37:01, {"filename":"Book ID: www.ghost580.com/read/64301/, Page ID: 17999112_2.html, Count: 1 record(s)","nextlink":"https://www.ghost580.com/read/64301/17999113.html","errcode":0}
2024/10/09 04:37:01, {"filename":"Book ID: www.ghost580.com/read/64301/, Page ID: 17999113.html, Count: 1 record(s)","nextlink":"/read/64301/17999113_2.html","errcode":0}
2024/10/09 04:37:01, {"filename":"Book ID: www.ghost580.com/read/64301/, Page ID: 17999113_2.html, Count: 1 record(s)","nextlink":"https://www.ghost580.com/read/64301/17999114.html","errcode":0}
2024/10/09 04:37:02, {"filename":"Book ID: www.ghost580.com/read/64301/, Page ID: 17999114.html, Count: 1 record(s)","nextlink":"/read/64301/17999114_2.html","errcode":0}
2024/10/09 04:37:02, {"filename":"Book ID: www.ghost580.com/read/64301/, Page ID: 17999114_2.html, Count: 1 record(s)","nextlink":"https://www.ghost580.com/read/64301/17999115.html","errcode":0}
2024/10/09 05:24:23, {"errcode":-1,"errmessage":"html page parse failed. maybe at the end as well."}
2024/10/09 05:37:17, {"filename":"Book ID: www.ghost580.com/read/64301/, Page ID: 17999115.html, Count: 1 record(s)","nextlink":"/read/64301/17999115_2.html","errcode":0}
2024/10/09 05:37:18, {"filename":"Book ID: www.ghost580.com/read/64301/, Page ID: 17999115_2.html, Count: 1 record(s)","nextlink":"https://www.ghost580.com/read/64301/17999116.html","errcode":0}
2024/10/09 05:37:18, {"filename":"Book ID: www.ghost580.com/read/64301/, Page ID: 17999116.html, Count: 1 record(s)","nextlink":"/read/64301/17999116_2.html","errcode":0}
2024/10/09 05:37:19, {"filename":"Book ID: www.ghost580.com/read/64301/, Page ID: 17999116_2.html, Count: 1 record(s)","nextlink":"https://www.ghost580.com/read/64301/17999117.html","errcode":0}
2024/10/09 05:37:19, {"filename":"Book ID: www.ghost580.com/read/64301/, Page ID: 17999117.html, Count: 1 record(s)","nextlink":"/read/64301/17999117_2.html","errcode":0}
2024/10/09 05:37:39, {"filename":"Book ID: www.ghost580.com/read/64301/, Page ID: 17999117_2.html, Count: 1 record(s)","nextlink":"https://www.ghost580.com/read/64301/17999118.html","errcode":0}
2024/10/09 05:37:40, {"filename":"Book ID: www.ghost580.com/read/64301/, Page ID: 17999118.html, Count: 1 record(s)","nextlink":"/read/64301/17999118_2.html","errcode":0}
2024/10/09 05:37:40, {"filename":"Book ID: www.ghost580.com/read/64301/, Page ID: 17999118_2.html, Count: 1 record(s)","nextlink":"https://www.ghost580.com/read/64301/17999119.html","errcode":0}
2024/10/09 05:37:41, {"filename":"Book ID: www.ghost580.com/read/64301/, Page ID: 17999119.html, Count: 1 record(s)","nextlink":"/read/64301/17999119_2.html","errcode":0}
2024/10/09 05:37:41, {"filename":"Book ID: www.ghost580.com/read/64301/, Page ID: 17999119_2.html, Count: 1 record(s)","nextlink":"https://www.ghost580.com/read/64301/17999120.html","errcode":0}
2024/10/09 05:38:13, {"filename":"Book ID: www.qingyunian.net, Page ID: 54.html, Count: 1 record(s)","nextlink":"/56.html","errcode":0}
2024/10/09 05:38:15, {"filename":"Book ID: www.qingyunian.net, Page ID: 56.html, Count: 1 record(s)","nextlink":"/57.html","errcode":0}
2024/10/09 05:38:17, {"filename":"Book ID: www.qingyunian.net, Page ID: 57.html, Count: 1 record(s)","nextlink":"/58.html","errcode":0}
2024/10/09 05:38:18, {"filename":"Book ID: www.qingyunian.net, Page ID: 58.html, Count: 1 record(s)","nextlink":"/59.html","errcode":0}
2024/10/09 05:38:19, {"filename":"Book ID: www.qingyunian.net, Page ID: 59.html, Count: 1 record(s)","nextlink":"/60.html","errcode":0}
2024/10/09 05:39:16, {"filename":"Book ID: m.xbiqugex.cc/book/10611/, Page ID: 618843174.html, Count: 1 record(s)","nextlink":"/book_10611/618843174_2.html","errcode":0}
2024/10/09 05:39:16, {"filename":"Book ID: m.xbiqugex.cc/book/10611/, Page ID: 618843174_2.html, Count: 1 record(s)","nextlink":"/book_10611/618843174_3.html","errcode":0}
2024/10/09 05:39:17, {"filename":"Book ID: m.xbiqugex.cc/book/10611/, Page ID: 618843174_3.html, Count: 1 record(s)","nextlink":"/book_10611/618790987.html","errcode":0}
2024/10/09 05:39:17, {"filename":"Book ID: m.xbiqugex.cc/book/10611/, Page ID: 618790987.html, Count: 1 record(s)","nextlink":"/book_10611/618790987_2.html","errcode":0}
2024/10/09 05:39:17, {"filename":"Book ID: m.xbiqugex.cc/book/10611/, Page ID: 618790987_2.html, Count: 1 record(s)","nextlink":"/book_10611/618790987_3.html","errcode":0}
2024/10/09 05:39:28, {"filename":"Book ID: m.ddyueshu.cc/wapbook/35829602/, Page ID: 709677954.html, Count: 1 record(s)","nextlink":"/wapbook/35829602_709677954_2.html","errcode":0}
2024/10/09 05:39:28, {"filename":"Book ID: m.ddyueshu.cc/wapbook/35829602/, Page ID: 709677954_2.html, Count: 1 record(s)","nextlink":"/wapbook/35829602_709677954_3.html","errcode":0}
2024/10/09 05:39:29, {"filename":"Book ID: m.ddyueshu.cc/wapbook/35829602/, Page ID: 709677954_3.html, Count: 1 record(s)","nextlink":"/wapbook/35829602_709622307.html","errcode":0}
2024/10/09 05:39:29, {"filename":"Book ID: m.ddyueshu.cc/wapbook/35829602/, Page ID: 709622307.html, Count: 1 record(s)","nextlink":"/wapbook/35829602_709622307_2.html","errcode":0}
2024/10/09 05:39:30, {"filename":"Book ID: m.ddyueshu.cc/wapbook/35829602/, Page ID: 709622307_2.html, Count: 1 record(s)","nextlink":"/wapbook/35829602_709622307_3.html","errcode":0}
2024/10/09 05:41:04, {"filename":"Book ID: www.qingyunian.net, Page ID: 54.html, Count: 1 record(s)","nextlink":"/56.html","errcode":0}
2024/10/09 05:43:01, {"filename":"Book ID: www.qingyunian.net, Page ID: 54.html, Count: 1 record(s)","nextlink":"/56.html","errcode":0}
2024/10/09 05:43:08, {"filename":"Book ID: www.qingyunian.net, Page ID: 56.html, Count: 1 record(s)","nextlink":"/57.html","errcode":0}
2024/10/09 05:43:10, {"filename":"Book ID: www.qingyunian.net, Page ID: 57.html, Count: 1 record(s)","nextlink":"/58.html","errcode":0}
2024/10/09 05:43:11, {"filename":"Book ID: www.qingyunian.net, Page ID: 58.html, Count: 1 record(s)","nextlink":"/59.html","errcode":0}
2024/10/09 05:43:13, {"filename":"Book ID: www.qingyunian.net, Page ID: 59.html, Count: 1 record(s)","nextlink":"/60.html","errcode":0}
2024/10/09 05:43:14, {"filename":"Book ID: www.qingyunian.net, Page ID: 60.html, Count: 1 record(s)","nextlink":"/61.html","errcode":0}
2024/10/09 05:43:34, {"filename":"Book ID: m.xbiqugex.cc/book/10611/, Page ID: 618843174.html, Count: 1 record(s)","nextlink":"/book_10611/618843174_2.html","errcode":0}
2024/10/09 05:43:38, {"filename":"Book ID: m.xbiqugex.cc/book/10611/, Page ID: 618843174_2.html, Count: 1 record(s)","nextlink":"/book_10611/618843174_3.html","errcode":0}
2024/10/09 05:43:38, {"filename":"Book ID: m.xbiqugex.cc/book/10611/, Page ID: 618843174_3.html, Count: 1 record(s)","nextlink":"/book_10611/618790987.html","errcode":0}
2024/10/09 05:43:39, {"filename":"Book ID: m.xbiqugex.cc/book/10611/, Page ID: 618790987.html, Count: 1 record(s)","nextlink":"/book_10611/618790987_2.html","errcode":0}
2024/10/09 05:43:39, {"filename":"Book ID: m.xbiqugex.cc/book/10611/, Page ID: 618790987_2.html, Count: 1 record(s)","nextlink":"/book_10611/618790987_3.html","errcode":0}
2024/10/09 05:43:40, {"filename":"Book ID: m.xbiqugex.cc/book/10611/, Page ID: 618790987_3.html, Count: 1 record(s)","nextlink":"/book_10611/618703785.html","errcode":0}
2024/10/09 05:43:40, {"filename":"Book ID: m.xbiqugex.cc/book/10611/, Page ID: 618703785.html, Count: 1 record(s)","nextlink":"/book_10611/618703785_2.html","errcode":0}
2024/10/09 05:43:40, {"filename":"Book ID: m.xbiqugex.cc/book/10611/, Page ID: 618703785_2.html, Count: 1 record(s)","nextlink":"/book_10611/618703785_3.html","errcode":0}
2024/10/09 05:43:41, {"filename":"Book ID: m.xbiqugex.cc/book/10611/, Page ID: 618703785_3.html, Count: 1 record(s)","nextlink":"/book_10611/618676845.html","errcode":0}
2024/10/09 05:43:41, {"filename":"Book ID: m.xbiqugex.cc/book/10611/, Page ID: 618676845.html, Count: 1 record(s)","nextlink":"/book_10611/618676845_2.html","errcode":0}
2024/10/09 05:43:42, {"filename":"Book ID: m.xbiqugex.cc/book/10611/, Page ID: 618676845_2.html, Count: 1 record(s)","nextlink":"/book_10611/618676845_3.html","errcode":0}
2024/10/09 05:44:11, {"filename":"Book ID: m.ddyueshu.cc/wapbook/35829602/, Page ID: 709677954.html, Count: 1 record(s)","nextlink":"/wapbook/35829602_709677954_2.html","errcode":0}
2024/10/09 05:44:11, {"filename":"Book ID: m.ddyueshu.cc/wapbook/35829602/, Page ID: 709677954_2.html, Count: 1 record(s)","nextlink":"/wapbook/35829602_709677954_3.html","errcode":0}
2024/10/09 05:44:12, {"filename":"Book ID: m.ddyueshu.cc/wapbook/35829602/, Page ID: 709677954_3.html, Count: 1 record(s)","nextlink":"/wapbook/35829602_709622307.html","errcode":0}
2024/10/09 05:44:12, {"filename":"Book ID: m.ddyueshu.cc/wapbook/35829602/, Page ID: 709622307.html, Count: 1 record(s)","nextlink":"/wapbook/35829602_709622307_2.html","errcode":0}
2024/10/09 05:44:12, {"filename":"Book ID: m.ddyueshu.cc/wapbook/35829602/, Page ID: 709622307_2.html, Count: 1 record(s)","nextlink":"/wapbook/35829602_709622307_3.html","errcode":0}
2024/10/09 05:44:38, {"filename":"Book ID: www.ghost580.com/read/64258/, Page ID: 17990253.html, Count: 1 record(s)","nextlink":"/read/64258/17990253_2.html","errcode":0}
2024/10/09 05:44:39, {"filename":"Book ID: www.ghost580.com/read/64258/, Page ID: 17990253_2.html, Count: 1 record(s)","nextlink":"/read/64258/17990253_3.html","errcode":0}
2024/10/09 05:44:39, {"filename":"Book ID: www.ghost580.com/read/64258/, Page ID: 17990253_3.html, Count: 1 record(s)","nextlink":"https://www.ghost580.com/read/64258/17990254.html","errcode":0}
2024/10/09 05:44:40, {"filename":"Book ID: www.ghost580.com/read/64258/, Page ID: 17990254.html, Count: 1 record(s)","nextlink":"/read/64258/17990254_2.html","errcode":0}
2024/10/09 05:44:40, {"filename":"Book ID: www.ghost580.com/read/64258/, Page ID: 17990254_2.html, Count: 1 record(s)","nextlink":"/read/64258/17990254_3.html","errcode":0}
2024/10/09 05:44:40, {"filename":"Book ID: www.ghost580.com/read/64258/, Page ID: 17990254_3.html, Count: 1 record(s)","nextlink":"https://www.ghost580.com/read/64258/17990255.html","errcode":0}
2024/10/09 05:44:41, {"filename":"Book ID: www.ghost580.com/read/64258/, Page ID: 17990255.html, Count: 1 record(s)","nextlink":"/read/64258/17990255_2.html","errcode":0}
2024/10/09 05:44:41, {"filename":"Book ID: www.ghost580.com/read/64258/, Page ID: 17990255_2.html, Count: 1 record(s)","nextlink":"https://www.ghost580.com/read/64258/17990256.html","errcode":0}
2024/10/09 05:44:42, {"filename":"Book ID: www.ghost580.com/read/64258/, Page ID: 17990256.html, Count: 1 record(s)","nextlink":"/read/64258/17990256_2.html","errcode":0}
2024/10/09 05:44:42, {"filename":"Book ID: www.ghost580.com/read/64258/, Page ID: 17990256_2.html, Count: 1 record(s)","nextlink":"https://www.ghost580.com/read/64258/17990257.html","errcode":0}
2024/10/09 05:45:45, {"filename":"Book ID: www.ghost580.com/read/64258/, Page ID: 17990257.html, Count: 1 record(s)","nextlink":"/read/64258/17990257_2.html","errcode":0}
2024/10/09 05:45:48, {"filename":"Book ID: www.ghost580.com/read/64258/, Page ID: 17990257_2.html, Count: 1 record(s)","nextlink":"https://www.ghost580.com/read/64258/17990258.html","errcode":0}
2024/10/09 05:45:49, {"filename":"Book ID: www.ghost580.com/read/64258/, Page ID: 17990258.html, Count: 1 record(s)","nextlink":"/read/64258/17990258_2.html","errcode":0}
2024/10/09 05:45:49, {"filename":"Book ID: www.ghost580.com/read/64258/, Page ID: 17990258_2.html, Count: 1 record(s)","nextlink":"/read/64258/17990258_3.html","errcode":0}
2024/10/09 05:45:50, {"filename":"Book ID: www.ghost580.com/read/64258/, Page ID: 17990258_3.html, Count: 1 record(s)","nextlink":"https://www.ghost580.com/read/64258/17990259.html","errcode":0}
2024/10/09 05:45:50, {"filename":"Book ID: www.ghost580.com/read/64258/, Page ID: 17990259.html, Count: 1 record(s)","nextlink":"/read/64258/17990259_2.html","errcode":0}
