2024/10/08 01:41:15, {"errcode":-1,"errmessage":"html page parse failed. maybe at the end as well."}
2024/10/08 01:52:47, {"errcode":-1,"errmessage":"html page parse failed. maybe at the end as well."}
2024/10/08 01:54:18, {"filename":"./public/txt/35829602-70967795400.txt","errcode":0}
2024/10/08 01:55:06, {"filename":"35829602/70967795400, 1 record(s)","errcode":0}
2024/10/08 01:55:06, {"errcode":-1,"errmessage":"html page parse failed. maybe at the end as well."}
2024/10/08 01:58:18, {"filename":"35829602/70967795400, 1 record(s)","errcode":0}
2024/10/08 01:58:18, {"errcode":-1,"errmessage":"html page parse failed. maybe at the end as well."}
2024/10/08 02:00:18, {"filename":"35829602/70967795400, 1 record(s)","errcode":0}
2024/10/08 02:00:41, {"filename":"35829602/70967795400, 1 record(s)","errcode":0}
2024/10/08 02:00:42, {"errcode":-1,"errmessage":"html page parse failed. maybe at the end as well."}
2024/10/08 02:02:21, {"filename":"35829602/70967795400, 1 record(s)","errcode":0}
2024/10/08 02:02:22, {"errcode":-1,"errmessage":"html page parse failed. maybe at the end as well."}
2024/10/08 02:03:58, {"filename":"35829602/70967795400, 1 record(s)","errcode":0}
2024/10/08 02:03:58, {"errcode":-1,"errmessage":"html page parse failed. maybe at the end as well."}
2024/10/08 02:04:59, {"filename":"35829602/70967795400, 1 record(s)","errcode":0}
2024/10/08 02:05:00, {"errcode":-1,"errmessage":"html page parse failed. maybe at the end as well."}
2024/10/08 02:05:30, {"filename":"35829602/70967795400, 1 record(s)","errcode":0}
2024/10/08 02:05:30, {"errcode":-1,"errmessage":"html page parse failed. maybe at the end as well."}
2024/10/08 02:06:08, {"filename":"35829602/70967795400, 1 record(s)","errcode":0}
2024/10/08 02:06:09, {"errcode":-1,"errmessage":"html page parse failed. maybe at the end as well."}
2024/10/08 02:09:41, {"filename":"35829602/70967795400, 1 record(s)","errcode":0}
2024/10/08 02:09:41, {"errcode":-1,"errmessage":"html page parse failed. maybe at the end as well."}
2024/10/08 02:10:04, {"filename":"35829602/70967795400, 1 record(s)","errcode":0}
2024/10/08 02:10:04, {"errcode":-1,"errmessage":"html page parse failed. maybe at the end as well."}
2024/10/08 02:11:51, {"filename":"35829602/70967795400, 1 record(s)","errcode":0}
2024/10/08 02:11:51, {"errcode":-1,"errmessage":"html page parse failed. maybe at the end as well."}
2024/10/08 02:12:47, {"filename":"35829602/70967795400, 1 record(s)","errcode":0}
2024/10/08 02:12:47, {"errcode":-1,"errmessage":"html page parse failed. maybe at the end as well."}
2024/10/08 02:13:46, {"filename":"35829602/70967795400, 1 record(s)","errcode":0}
2024/10/08 02:13:46, {"errcode":-1,"errmessage":"html page parse failed. maybe at the end as well."}
2024/10/08 02:16:22, {"filename":"35829602/70967795400, 1 record(s)","nextlink":"/wapbook/35829602_709677954_2.html","errcode":0}
2024/10/08 02:16:22, {"filename":"35829602/70967795420, 1 record(s)","nextlink":"/wapbook/35829602_709677954_3.html","errcode":0}
2024/10/08 02:16:22, {"filename":"35829602/70967795430, 1 record(s)","nextlink":"/wapbook/35829602_709622307.html","errcode":0}
2024/10/08 02:16:23, {"filename":"35829602/70962230700, 1 record(s)","nextlink":"/wapbook/35829602_709622307_2.html","errcode":0}
2024/10/08 02:16:23, {"filename":"35829602/70962230720, 1 record(s)","nextlink":"/wapbook/35829602_709622307_3.html","errcode":0}
2024/10/08 02:43:40, {"filename":"wapbook/3582960270, 1 record(s)","nextlink":"/wapbook/35829602_709558950.html","errcode":0}
2024/10/08 02:43:41, {"filename":"wapbook/3582960270, 1 record(s)","nextlink":"/wapbook/35829602_709558950_2.html","errcode":0}
2024/10/08 02:43:42, {"filename":"wapbook/3582960270, 1 record(s)","nextlink":"/wapbook/35829602_709558950_3.html","errcode":0}
2024/10/08 02:43:42, {"filename":"wapbook/3582960270, 1 record(s)","nextlink":"/wapbook/35829602_709259641.html","errcode":0}
2024/10/08 02:43:42, {"filename":"wapbook/3582960270, 1 record(s)","nextlink":"/wapbook/35829602_709259641_2.html","errcode":0}
2024/10/08 02:43:53, {"filename":"wapbook/3582960270, 1 record(s)","nextlink":"/wapbook/35829602_709259641_3.html","errcode":0}
2024/10/08 02:43:58, {"filename":"wapbook/3582960270, 1 record(s)","nextlink":"/wapbook/35829602_709230709.html","errcode":0}
2024/10/08 02:44:37, {"filename":"wapbook/3582960270, 1 record(s)","nextlink":"/wapbook/35829602_709230709_2.html","errcode":0}
2024/10/08 02:44:38, {"filename":"wapbook/3582960270, 1 record(s)","nextlink":"/wapbook/35829602_709230709_3.html","errcode":0}
2024/10/08 02:44:38, {"filename":"wapbook/3582960270, 1 record(s)","nextlink":"/wapbook/35829602_709031368.html","errcode":0}
2024/10/08 02:44:39, {"filename":"wapbook/3582960270, 1 record(s)","nextlink":"/wapbook/35829602_709031368_2.html","errcode":0}
2024/10/08 02:44:39, {"filename":"wapbook/3582960270, 1 record(s)","nextlink":"/wapbook/35829602_709031368_3.html","errcode":0}
2024/10/08 02:44:39, {"filename":"wapbook/3582960270, 1 record(s)","nextlink":"/wapbook/35829602_709019865.html","errcode":0}
2024/10/08 02:44:40, {"filename":"wapbook/3582960270, 1 record(s)","nextlink":"/wapbook/35829602_709019865_2.html","errcode":0}
2024/10/08 02:44:40, {"filename":"wapbook/3582960270, 1 record(s)","nextlink":"/wapbook/35829602_709019865_3.html","errcode":0}
2024/10/08 02:44:41, {"filename":"wapbook/3582960270, 1 record(s)","nextlink":"/wapbook/35829602_708792175.html","errcode":0}
2024/10/08 02:44:41, {"filename":"wapbook/3582960270, 1 record(s)","nextlink":"/wapbook/35829602_708792175_2.html","errcode":0}
2024/10/08 02:59:48, {"filename":"wapbook/3582960270, 1 record(s)","nextlink":"/wapbook/35829602_708792175_3.html","errcode":0}
2024/10/08 03:00:28, {"filename":"./public/txt/wapbook-3582960270.txt","nextlink":"/wapbook/35829602_708737958.html","errcode":0}
2024/10/08 03:06:57, {"filename":"./public/txt/m.ddyueshu.cc%2Fwapbook%2F35829602_708737958.html.txt","nextlink":"/wapbook/35829602_708737958_2.html","errcode":0}
2024/10/08 03:07:54, {"filename":"./public/txt/m.ddyueshu.cc%2Fwapbook%2F35829602_708737958_2.html.txt","nextlink":"/wapbook/35829602_708737958_3.html","errcode":0}
2024/10/08 03:51:52, {"filename":"m.ddyueshu.cc/wapbook/35829602//708737958_3.html, 1 record(s)","nextlink":"/wapbook/35829602_708685840.html","errcode":0}
2024/10/08 03:56:55, {"filename":"m.ddyueshu.cc/wapbook/35829602//708685840.html, 1 record(s)","nextlink":"/wapbook/35829602_708685840_2.html","errcode":0}
2024/10/08 03:58:04, {"filename":"./public/txt/m.ddyueshu.cc%2Fwapbook%2F35829602_708685840_2.html.txt","nextlink":"/wapbook/35829602_708685840_3.html","errcode":0}
2024/10/08 03:58:37, {"filename":"m.ddyueshu.cc/wapbook/35829602//708685840_3.html, 1 record(s)","nextlink":"/wapbook/35829602_708537601.html","errcode":0}
2024/10/08 04:02:01, {"filename":"Book ID: m.ddyueshu.cc/wapbook/35829602/, Page ID: 708537601.html, Count: 1 record(s)","nextlink":"/wapbook/35829602_708537601_2.html","errcode":0}
2024/10/08 04:02:19, {"filename":"Book ID: m.ddyueshu.cc/wapbook/35829602/, Page ID: 708537601_2.html, Count: 1 record(s)","nextlink":"/wapbook/35829602_708537601_3.html","errcode":0}
2024/10/08 04:02:28, {"filename":"Book ID: m.ddyueshu.cc/wapbook/35829602/, Page ID: 708537601_3.html, Count: 1 record(s)","nextlink":"/wapbook/35829602_708501506.html","errcode":0}
2024/10/08 04:02:28, {"filename":"Book ID: m.ddyueshu.cc/wapbook/35829602/, Page ID: 708501506.html, Count: 1 record(s)","nextlink":"/wapbook/35829602_708501506_2.html","errcode":0}
2024/10/08 04:02:29, {"filename":"Book ID: m.ddyueshu.cc/wapbook/35829602/, Page ID: 708501506_2.html, Count: 1 record(s)","nextlink":"/wapbook/35829602_708501506_3.html","errcode":0}
2024/10/08 04:02:29, {"filename":"Book ID: m.ddyueshu.cc/wapbook/35829602/, Page ID: 708501506_3.html, Count: 1 record(s)","nextlink":"/wapbook/35829602_708448041.html","errcode":0}
2024/10/08 04:02:30, {"filename":"Book ID: m.ddyueshu.cc/wapbook/35829602/, Page ID: 708448041.html, Count: 1 record(s)","nextlink":"/wapbook/35829602_708448041_2.html","errcode":0}
2024/10/08 04:04:39, {"filename":"Book ID: www.qingyunian.net/519.html/, Page ID: , Count: 1 record(s)","nextlink":"/520.html","errcode":0}
2024/10/08 04:04:39, {"filename":"Book ID: www.qingyunian.net/520.html/, Page ID: , Count: 1 record(s)","nextlink":"/521.html","errcode":0}
2024/10/08 04:04:40, {"filename":"Book ID: www.qingyunian.net/521.html/, Page ID: , Count: 1 record(s)","nextlink":"/522.html","errcode":0}
2024/10/08 04:04:41, {"filename":"Book ID: www.qingyunian.net/522.html/, Page ID: , Count: 1 record(s)","nextlink":"/523.html","errcode":0}
2024/10/08 04:04:42, {"filename":"Book ID: www.qingyunian.net/523.html/, Page ID: , Count: 1 record(s)","nextlink":"/524.html","errcode":0}
2024/10/08 04:23:41, {"filename":"Book ID: www.qingyunian.net, Page ID: 524.html, Count: 1 record(s)","nextlink":"/525.html","errcode":0}
2024/10/08 04:23:41, {"filename":"Book ID: www.qingyunian.net, Page ID: 525.html, Count: 1 record(s)","nextlink":"/526.html","errcode":0}
2024/10/08 04:23:42, {"filename":"Book ID: www.qingyunian.net, Page ID: 526.html, Count: 1 record(s)","nextlink":"/527.html","errcode":0}
2024/10/08 04:23:43, {"filename":"Book ID: www.qingyunian.net, Page ID: 527.html, Count: 1 record(s)","nextlink":"/528.html","errcode":0}
2024/10/08 04:23:44, {"filename":"Book ID: www.qingyunian.net, Page ID: 528.html, Count: 1 record(s)","nextlink":"/529.html","errcode":0}
